Running php-build composer
WARNING! Your password will be stored unencrypted in /home/runner/.docker/config.json.
Configure a credential helper to remove this warning. See
https://docs.docker.com/engine/reference/commandline/login/#credentials-store

Login Succeeded
Pulling docker.pkg.github.com/eliasu/deploytest/php-actions_composer_deploytest:php-latest-build2.1.0
php-latest-build2.1.0: Pulling from eliasu/deploytest/php-actions_composer_deploytest
c158987b0551: Already exists
a2b6029f6920: Pulling fs layer
55761811b31b: Pulling fs layer
9750fd99fe83: Pulling fs layer
922c6c40febb: Pulling fs layer
e02e22042c3b: Pulling fs layer
67f194fa5612: Pulling fs layer
c5f70f6f3726: Pulling fs layer
307621670272: Pulling fs layer
00150c129c39: Pulling fs layer
922c6c40febb: Waiting
e02e22042c3b: Waiting
c5f70f6f3726: Waiting
307621670272: Waiting
67f194fa5612: Waiting
00150c129c39: Waiting
9750fd99fe83: Verifying Checksum
9750fd99fe83: Download complete
a2b6029f6920: Verifying Checksum
a2b6029f6920: Download complete
55761811b31b: Verifying Checksum
55761811b31b: Download complete
e02e22042c3b: Verifying Checksum
e02e22042c3b: Download complete
922c6c40febb: Verifying Checksum
922c6c40febb: Download complete
a2b6029f6920: Pull complete
55761811b31b: Pull complete
9750fd99fe83: Pull complete
c5f70f6f3726: Verifying Checksum
c5f70f6f3726: Download complete
922c6c40febb: Pull complete
67f194fa5612: Verifying Checksum
67f194fa5612: Download complete
e02e22042c3b: Pull complete
307621670272: Verifying Checksum
307621670272: Download complete
00150c129c39: Verifying Checksum
00150c129c39: Download complete
67f194fa5612: Pull complete
c5f70f6f3726: Pull complete
307621670272: Pull complete
00150c129c39: Pull complete
Digest: sha256:baaf53128708d3fb42082939605cc2280fb8ec881c071bd0c7f0462a53ff64a7
Status: Downloaded newer image for docker.pkg.github.com/eliasu/deploytest/php-actions_composer_deploytest:php-latest-build2.1.0
docker.pkg.github.com/eliasu/deploytest/php-actions_composer_deploytest:php-latest-build2.1.0
Docker tag: docker.pkg.github.com/eliasu/deploytest/php-actions_composer_deploytest:php-latest-build2.1.0
No private keys supplied
Command: composer install --no-progress --no-interaction
Skipping env variable PWD
Skipping env variable HOME
Skipping env variable SHLVL
Skipping env variable PATH
Running php-build composer
WARNING! Your password will be stored unencrypted in /home/runner/.docker/config.json.
Configure a credential helper to remove this warning. See
https://docs.docker.com/engine/reference/commandline/login/#credentials-store

Login Succeeded
Pulling docker.pkg.github.com/eliasu/deploytest/php-actions_composer_deploytest:php-latest-build2.1.0
php-latest-build2.1.0: Pulling from eliasu/deploytest/php-actions_composer_deploytest
c158987b0551: Already exists
a2b6029f6920: Pulling fs layer
55761811b31b: Pulling fs layer
9750fd99fe83: Pulling fs layer
922c6c40febb: Pulling fs layer
e02e22042c3b: Pulling fs layer
67f194fa5612: Pulling fs layer
c5f70f6f3726: Pulling fs layer
307621670272: Pulling fs layer
00150c129c39: Pulling fs layer
67f194fa5612: Waiting
c5f70f6f3726: Waiting
307621670272: Waiting
00150c129c39: Waiting
922c6c40febb: Waiting
e02e22042c3b: Waiting
9750fd99fe83: Verifying Checksum
9750fd99fe83: Download complete
55761811b31b: Verifying Checksum
55761811b31b: Download complete
a2b6029f6920: Verifying Checksum
a2b6029f6920: Download complete
e02e22042c3b: Verifying Checksum
e02e22042c3b: Download complete
922c6c40febb: Verifying Checksum
922c6c40febb: Download complete
a2b6029f6920: Pull complete
67f194fa5612: Verifying Checksum
67f194fa5612: Download complete
55761811b31b: Pull complete
9750fd99fe83: Pull complete
922c6c40febb: Pull complete
e02e22042c3b: Pull complete
c5f70f6f3726: Verifying Checksum
c5f70f6f3726: Download complete
307621670272: Verifying Checksum
307621670272: Download complete
00150c129c39: Verifying Checksum
00150c129c39: Download complete
67f194fa5612: Pull complete
c5f70f6f3726: Pull complete
307621670272: Pull complete
00150c129c39: Pull complete
Digest: sha256:baaf53128708d3fb42082939605cc2280fb8ec881c071bd0c7f0462a53ff64a7
Status: Downloaded newer image for docker.pkg.github.com/eliasu/deploytest/php-actions_composer_deploytest:php-latest-build2.1.0
docker.pkg.github.com/eliasu/deploytest/php-actions_composer_deploytest:php-latest-build2.1.0
Docker tag: docker.pkg.github.com/eliasu/deploytest/php-actions_composer_deploytest:php-latest-build2.1.0
No private keys supplied
Command: composer install --no-progress --no-interaction
Skipping env variable PWD
Skipping env variable HOME
Skipping env variable SHLVL
Skipping env variable PATH
